<?xml version="1.0" encoding="UTF-8"?>
<testng-results skipped="0" failed="0" ignored="0" total="1" passed="1">
  <reporter-output>
    <line>
      <![CDATA[About to begin executing Suite Suite]]>
    </line>
    <line>
      <![CDATA[About to begin executing Test Test]]>
    </line>
    <line>
      <![CDATA[About to begin executing following method : Amzone_HomePage_LoginTest.startBrowser]]>
    </line>
    <line>
      <![CDATA[Completed executing following method : Amzone_HomePage_LoginTest.startBrowser]]>
    </line>
    <line>
      <![CDATA[About to begin executing following method : Amzone_HomePage_LoginTest.loadLocater]]>
    </line>
    <line>
      <![CDATA[Completed executing following method : Amzone_HomePage_LoginTest.loadLocater]]>
    </line>
    <line>
      <![CDATA[About to begin executing following method : Amzone_HomePage_LoginTest.Amzone_HomePage_LoginTest01]]>
    </line>
    <line>
      <![CDATA[send password value to password eddit pages]]>
    </line>
    <line>
      <![CDATA[click sighIn buttion!]]>
    </line>
    <line>
      <![CDATA[<a href="/Users/tapanakumarbadhai/git/amzone/amzone/target/surefire-reports/screenShots/03-10-2017_11.35.54_regisater.png"><p align="left">Error screenshot at </p>]]>
    </line>
    <line>
      <![CDATA[<p><img width="250" src="/Users/tapanakumarbadhai/git/amzone/amzone/target/surefire-reports/screenShots/03-10-2017_11.35.54_regisater.png" alt="screenshot at Fri Mar 10 23:35:54 IST 2017"/></p></a><br />]]>
    </line>
    <line>
      <![CDATA[Completed executing following method : Amzone_HomePage_LoginTest.Amzone_HomePage_LoginTest01]]>
    </line>
    <line>
      <![CDATA[Test Method resides in com.amzone.automationScript.Amzone_HomePage_LoginTest]]>
    </line>
    <line>
      <![CDATA[Test Status: Pass]]>
    </line>
    <line>
      <![CDATA[About to begin executing following method : Amzone_HomePage_LoginTest.setScreenshot]]>
    </line>
    <line>
      <![CDATA[Completed executing following method : Amzone_HomePage_LoginTest.setScreenshot]]>
    </line>
    <line>
      <![CDATA[About to begin executing following method : Amzone_HomePage_LoginTest.closeBrowser]]>
    </line>
    <line>
      <![CDATA[Completed executing following method : Amzone_HomePage_LoginTest.closeBrowser]]>
    </line>
  </reporter-output>
  <suite name="Suite" duration-ms="51730" started-at="2017-03-10T18:05:03Z" finished-at="2017-03-10T18:05:54Z">
    <groups>
    </groups>
    <test name="Test" duration-ms="51730" started-at="2017-03-10T18:05:03Z" finished-at="2017-03-10T18:05:54Z">
      <class name="com.amzone.automationScript.Amzone_HomePage_LoginTest">
        <test-method status="PASS" signature="startBrowser()[pri:0, instance:com.amzone.automationScript.Amzone_HomePage_LoginTest@5f9d02cb]" name="startBrowser" is-config="true" duration-ms="39373" started-at="2017-03-10T23:35:03Z" finished-at="2017-03-10T23:35:42Z">
          <reporter-output>
            <line>
              <![CDATA[Completed executing following method : Amzone_HomePage_LoginTest.startBrowser]]>
            </line>
          </reporter-output>
        </test-method> <!-- startBrowser -->
        <test-method status="PASS" signature="loadLocater()[pri:0, instance:com.amzone.automationScript.Amzone_HomePage_LoginTest@5f9d02cb]" name="loadLocater" is-config="true" duration-ms="0" started-at="2017-03-10T23:35:42Z" finished-at="2017-03-10T23:35:42Z">
          <reporter-output>
            <line>
              <![CDATA[Completed executing following method : Amzone_HomePage_LoginTest.loadLocater]]>
            </line>
          </reporter-output>
        </test-method> <!-- loadLocater -->
        <test-method status="PASS" signature="Amzone_HomePage_LoginTest01()[pri:0, instance:com.amzone.automationScript.Amzone_HomePage_LoginTest@5f9d02cb]" name="Amzone_HomePage_LoginTest01" duration-ms="12039" started-at="2017-03-10T23:35:42Z" finished-at="2017-03-10T23:35:54Z">
          <reporter-output>
            <line>
              <![CDATA[About to begin executing following method : Amzone_HomePage_LoginTest.Amzone_HomePage_LoginTest01]]>
            </line>
            <line>
              <![CDATA[send password value to password eddit pages]]>
            </line>
            <line>
              <![CDATA[click sighIn buttion!]]>
            </line>
            <line>
              <![CDATA[<a href="/Users/tapanakumarbadhai/git/amzone/amzone/target/surefire-reports/screenShots/03-10-2017_11.35.54_regisater.png"><p align="left">Error screenshot at </p>]]>
            </line>
            <line>
              <![CDATA[<p><img width="250" src="/Users/tapanakumarbadhai/git/amzone/amzone/target/surefire-reports/screenShots/03-10-2017_11.35.54_regisater.png" alt="screenshot at Fri Mar 10 23:35:54 IST 2017"/></p></a><br />]]>
            </line>
            <line>
              <![CDATA[Completed executing following method : Amzone_HomePage_LoginTest.Amzone_HomePage_LoginTest01]]>
            </line>
            <line>
              <![CDATA[Test Method resides in com.amzone.automationScript.Amzone_HomePage_LoginTest]]>
            </line>
            <line>
              <![CDATA[Test Status: Pass]]>
            </line>
            <line>
              <![CDATA[About to begin executing following method : Amzone_HomePage_LoginTest.setScreenshot]]>
            </line>
          </reporter-output>
        </test-method> <!-- Amzone_HomePage_LoginTest01 -->
        <test-method status="PASS" signature="setScreenshot(org.testng.ITestResult)[pri:0, instance:com.amzone.automationScript.Amzone_HomePage_LoginTest@5f9d02cb]" name="setScreenshot" is-config="true" duration-ms="1" started-at="2017-03-10T23:35:54Z" finished-at="2017-03-10T23:35:54Z">
          <params>
            <param index="0">
              <value>
                <![CDATA[[TestResult name=Amzone_HomePage_LoginTest01 status=SUCCESS method=Amzone_HomePage_LoginTest.Amzone_HomePage_LoginTest01()[pri:0, instance:com.amzone.automationScript.Amzone_HomePage_LoginTest@5f9d02cb] output=About to begin executing following method : Amzone_HomePage_LoginTest.Amzone_HomePage_LoginTest01]]]>
              </value>
            </param>
          </params>
          <reporter-output>
            <line>
              <![CDATA[Completed executing following method : Amzone_HomePage_LoginTest.setScreenshot]]>
            </line>
          </reporter-output>
        </test-method> <!-- setScreenshot -->
        <test-method status="PASS" signature="closeBrowser()[pri:0, instance:com.amzone.automationScript.Amzone_HomePage_LoginTest@5f9d02cb]" name="closeBrowser" is-config="true" duration-ms="197" started-at="2017-03-10T23:35:54Z" finished-at="2017-03-10T23:35:54Z">
          <reporter-output>
            <line>
              <![CDATA[Completed executing following method : Amzone_HomePage_LoginTest.closeBrowser]]>
            </line>
          </reporter-output>
        </test-method> <!-- closeBrowser -->
      </class> <!-- com.amzone.automationScript.Amzone_HomePage_LoginTest -->
    </test> <!-- Test -->
  </suite> <!-- Suite -->
</testng-results>
